<?xml version="1.0" encoding="UTF-8"?>
<testsuite xmlns:xsi="http://www.w3.org/2001/XMLSchema-instance" xsi:noNamespaceSchemaLocation="https://maven.apache.org/surefire/maven-surefire-plugin/xsd/surefire-test-report.xsd" name="org.mostafa.RandomLoadBalancerTest" time="0.001" tests="2" errors="2" skipped="0" failures="0">
  <properties>
    <property name="sun.desktop" value="windows"/>
    <property name="awt.toolkit" value="sun.awt.windows.WToolkit"/>
    <property name="java.specification.version" value="11"/>
    <property name="sun.cpu.isalist" value="amd64"/>
    <property name="sun.jnu.encoding" value="Cp1256"/>
    <property name="java.class.path" value="D:\courses\Interview Preperation\[FreeTutorials.us] java-interview-questions-and-answers\loadBaoalncerSimulator\target\test-classes;D:\courses\Interview Preperation\[FreeTutorials.us] java-interview-questions-and-answers\loadBaoalncerSimulator\target\classes;C:\Users\MSroor\.m2\repository\junit\junit\4.11\junit-4.11.jar;C:\Users\MSroor\.m2\repository\org\hamcrest\hamcrest-core\1.3\hamcrest-core-1.3.jar;"/>
    <property name="java.vm.vendor" value="Oracle Corporation"/>
    <property name="sun.arch.data.model" value="64"/>
    <property name="user.variant" value=""/>
    <property name="java.vendor.url" value="https://openjdk.java.net/"/>
    <property name="user.timezone" value="Asia/Beirut"/>
    <property name="java.vm.specification.version" value="11"/>
    <property name="os.name" value="Windows 10"/>
    <property name="sun.java.launcher" value="SUN_STANDARD"/>
    <property name="user.country" value="AU"/>
    <property name="sun.boot.library.path" value="C:\Program Files\Java\jdk-11.0.8\bin"/>
    <property name="sun.java.command" value="C:\Users\MSroor\AppData\Local\Temp\surefire15249106960287547878\surefirebooter7552522547510345868.jar C:\Users\MSroor\AppData\Local\Temp\surefire15249106960287547878 2021-04-30T00-54-10_079-jvmRun1 surefire2597999977837886860tmp surefire_08469918360524773137tmp"/>
    <property name="jdk.debug" value="release"/>
    <property name="surefire.test.class.path" value="D:\courses\Interview Preperation\[FreeTutorials.us] java-interview-questions-and-answers\loadBaoalncerSimulator\target\test-classes;D:\courses\Interview Preperation\[FreeTutorials.us] java-interview-questions-and-answers\loadBaoalncerSimulator\target\classes;C:\Users\MSroor\.m2\repository\junit\junit\4.11\junit-4.11.jar;C:\Users\MSroor\.m2\repository\org\hamcrest\hamcrest-core\1.3\hamcrest-core-1.3.jar;"/>
    <property name="sun.cpu.endian" value="little"/>
    <property name="user.home" value="C:\Users\MSroor"/>
    <property name="user.language" value="en"/>
    <property name="java.specification.vendor" value="Oracle Corporation"/>
    <property name="java.version.date" value="2020-07-14"/>
    <property name="java.home" value="C:\Program Files\Java\jdk-11.0.8"/>
    <property name="file.separator" value="\"/>
    <property name="basedir" value="D:\courses\Interview Preperation\[FreeTutorials.us] java-interview-questions-and-answers\loadBaoalncerSimulator"/>
    <property name="java.vm.compressedOopsMode" value="Zero based"/>
    <property name="line.separator" value="&#10;"/>
    <property name="java.specification.name" value="Java Platform API Specification"/>
    <property name="java.vm.specification.vendor" value="Oracle Corporation"/>
    <property name="java.awt.graphicsenv" value="sun.awt.Win32GraphicsEnvironment"/>
    <property name="surefire.real.class.path" value="C:\Users\MSroor\AppData\Local\Temp\surefire15249106960287547878\surefirebooter7552522547510345868.jar"/>
    <property name="user.script" value=""/>
    <property name="sun.management.compiler" value="HotSpot 64-Bit Tiered Compilers"/>
    <property name="java.runtime.version" value="11.0.8+10-LTS"/>
    <property name="user.name" value="MSroor"/>
    <property name="path.separator" value=";"/>
    <property name="os.version" value="10.0"/>
    <property name="java.runtime.name" value="Java(TM) SE Runtime Environment"/>
    <property name="file.encoding" value="Cp1256"/>
    <property name="java.vm.name" value="Java HotSpot(TM) 64-Bit Server VM"/>
    <property name="java.vendor.version" value="18.9"/>
    <property name="localRepository" value="C:\Users\MSroor\.m2\repository"/>
    <property name="java.vendor.url.bug" value="https://bugreport.java.com/bugreport/"/>
    <property name="java.io.tmpdir" value="C:\Users\MSroor\AppData\Local\Temp\"/>
    <property name="idea.version" value="2020.3.1"/>
    <property name="java.version" value="11.0.8"/>
    <property name="user.dir" value="D:\courses\Interview Preperation\[FreeTutorials.us] java-interview-questions-and-answers\loadBaoalncerSimulator"/>
    <property name="os.arch" value="amd64"/>
    <property name="java.vm.specification.name" value="Java Virtual Machine Specification"/>
    <property name="java.awt.printerjob" value="sun.awt.windows.WPrinterJob"/>
    <property name="sun.os.patch.level" value=""/>
    <property name="java.library.path" value="C:\Program Files\Java\jdk-11.0.8\bin;C:\Windows\Sun\Java\bin;C:\Windows\system32;C:\Windows;C:\Program Files\ImageMagick-7.0.11-Q16-HDRI;C:\Program Files\Java\jdk-11.0.8\bin;C:\apache-maven-3.6.3\bin;C:\gradle-6.7.1\bin;C:\xampp.7.4\php;C:\Windows\system32;C:\Windows;C:\Windows\System32\Wbem;C:\Windows\System32\WindowsPowerShell\v1.0\;C:\Windows\System32\OpenSSH\;C:\Program Files\PuTTY\;D:\naseej_working\elasticsearch-7.3.0\bin;D:\naseej_working\kibana-7.3.0-windows-x86_64\bin;C:\Program Files\Git\cmd;D:\naseej_working\solr-7.3.1\bin;C:\Program Files\nodejs\;D:\naseej_working\apache-tomcat-9.0.37\bin;D:\naseej_working\swigwin-3.0.12;D:\folio\libtool-2.4.6-win32-x86_64\bin;D:\folio\libxml2-2.9.3-win32-x86_64\bin;D:\folio\libxslt-1.1.28-win32-x86_64\bin;D:\folio\iconv-1.14-win32-x86_64\bin;D:\folio\iconv-1.14-win32-x86_64\java;C:\Program Files\YAZ\bin;C:\composer;C:\Program Files (x86)\Calibre2\;C:\Program Files\Docker\Docker\resources\bin;C:\ProgramData\DockerDesktop\version-bin;C:\Users\MSroor\AppData\Local\Microsoft\WindowsApps;C:\Users\MSroor\AppData\Local\Programs\Microsoft VS Code\bin;C:\Users\MSroor\AppData\Local\atom\bin;C:\Users\MSroor\AppData\Roaming\npm;C:\Users\MSroor\AppData\Roaming\Composer\vendor\bin;C:\Program Files\heroku\bin;C:\Program Files (x86)\Sophos\Sophos SSL VPN Client\bin;."/>
    <property name="java.vendor" value="Oracle Corporation"/>
    <property name="java.vm.info" value="mixed mode"/>
    <property name="java.vm.version" value="11.0.8+10-LTS"/>
    <property name="sun.io.unicode.encoding" value="UnicodeLittle"/>
    <property name="java.class.version" value="55.0"/>
  </properties>
  <testcase name="initializationError" classname="org.mostafa.RandomLoadBalancerTest" time="0.001">
    <error message="Method steUp() should be public" type="java.lang.Exception">java.lang.Exception: Method steUp() should be public
</error>
  </testcase>
  <testcase name="initializationError" classname="org.mostafa.RandomLoadBalancerTest" time="0">
    <error message="Method ipIsNotNull() should be public" type="java.lang.Exception">java.lang.Exception: Method ipIsNotNull() should be public
</error>
  </testcase>
</testsuite>